<?xml version="1.0" encoding="UTF-8"?>
<testng-results ignored="0" total="1" passed="1" failed="0" skipped="0">
  <reporter-output>
  </reporter-output>
  <suite started-at="2024-01-08T19:53:36 IST" name="Default suite" finished-at="2024-01-08T19:53:40 IST" duration-ms="4012">
    <groups>
    </groups>
    <test started-at="2024-01-08T19:53:36 IST" name="Default test" finished-at="2024-01-08T19:53:40 IST" duration-ms="4012">
      <class name="mavenPrgm.FbMaven">
        <test-method signature="test()[pri:0, instance:mavenPrgm.FbMaven@39529185]" started-at="2024-01-08T19:53:36 IST" name="test" finished-at="2024-01-08T19:53:40 IST" duration-ms="3984" status="PASS">
          <reporter-output>
          </reporter-output>
        </test-method> <!-- test -->
      </class> <!-- mavenPrgm.FbMaven -->
    </test> <!-- Default test -->
  </suite> <!-- Default suite -->
</testng-results>
